<?xml version="1.0" encoding="UTF-8"?>
<testng-results skipped="0" failed="0" total="10" passed="10">
  <reporter-output>
  </reporter-output>
  <suite name="Default suite" duration-ms="63" started-at="2019-03-03T09:02:15Z" finished-at="2019-03-03T09:02:15Z">
    <groups>
    </groups>
    <test name="Default test" duration-ms="63" started-at="2019-03-03T09:02:15Z" finished-at="2019-03-03T09:02:15Z">
      <class name="com.testng.InvocationCountTest">
        <test-method status="PASS" signature="sum()[pri:0, instance:com.testng.InvocationCountTest@553f17c]" name="sum" duration-ms="15" started-at="2019-03-03T14:32:15Z" finished-at="2019-03-03T14:32:15Z">
          <reporter-output>
          </reporter-output>
        </test-method> <!-- sum -->
        <test-method status="PASS" signature="sum()[pri:0, instance:com.testng.InvocationCountTest@553f17c]" name="sum" duration-ms="2" started-at="2019-03-03T14:32:15Z" finished-at="2019-03-03T14:32:15Z">
          <reporter-output>
          </reporter-output>
        </test-method> <!-- sum -->
        <test-method status="PASS" signature="sum()[pri:0, instance:com.testng.InvocationCountTest@553f17c]" name="sum" duration-ms="0" started-at="2019-03-03T14:32:15Z" finished-at="2019-03-03T14:32:15Z">
          <reporter-output>
          </reporter-output>
        </test-method> <!-- sum -->
        <test-method status="PASS" signature="sum()[pri:0, instance:com.testng.InvocationCountTest@553f17c]" name="sum" duration-ms="0" started-at="2019-03-03T14:32:15Z" finished-at="2019-03-03T14:32:15Z">
          <reporter-output>
          </reporter-output>
        </test-method> <!-- sum -->
        <test-method status="PASS" signature="sum()[pri:0, instance:com.testng.InvocationCountTest@553f17c]" name="sum" duration-ms="0" started-at="2019-03-03T14:32:15Z" finished-at="2019-03-03T14:32:15Z">
          <reporter-output>
          </reporter-output>
        </test-method> <!-- sum -->
        <test-method status="PASS" signature="sum()[pri:0, instance:com.testng.InvocationCountTest@553f17c]" name="sum" duration-ms="0" started-at="2019-03-03T14:32:15Z" finished-at="2019-03-03T14:32:15Z">
          <reporter-output>
          </reporter-output>
        </test-method> <!-- sum -->
        <test-method status="PASS" signature="sum()[pri:0, instance:com.testng.InvocationCountTest@553f17c]" name="sum" duration-ms="0" started-at="2019-03-03T14:32:15Z" finished-at="2019-03-03T14:32:15Z">
          <reporter-output>
          </reporter-output>
        </test-method> <!-- sum -->
        <test-method status="PASS" signature="sum()[pri:0, instance:com.testng.InvocationCountTest@553f17c]" name="sum" duration-ms="0" started-at="2019-03-03T14:32:15Z" finished-at="2019-03-03T14:32:15Z">
          <reporter-output>
          </reporter-output>
        </test-method> <!-- sum -->
        <test-method status="PASS" signature="sum()[pri:0, instance:com.testng.InvocationCountTest@553f17c]" name="sum" duration-ms="0" started-at="2019-03-03T14:32:15Z" finished-at="2019-03-03T14:32:15Z">
          <reporter-output>
          </reporter-output>
        </test-method> <!-- sum -->
        <test-method status="PASS" signature="sum()[pri:0, instance:com.testng.InvocationCountTest@553f17c]" name="sum" duration-ms="0" started-at="2019-03-03T14:32:15Z" finished-at="2019-03-03T14:32:15Z">
          <reporter-output>
          </reporter-output>
        </test-method> <!-- sum -->
      </class> <!-- com.testng.InvocationCountTest -->
    </test> <!-- Default test -->
  </suite> <!-- Default suite -->
</testng-results>
